[0m19:36:51.458282 [debug] [MainThread]: Sending event: {'category': 'dbt', 'action': 'invocation', 'label': 'start', 'context': [<snowplow_tracker.self_describing_json.SelfDescribingJson object at 0x000002A634AEBAD0>, <snowplow_tracker.self_describing_json.SelfDescribingJson object at 0x000002A634AE9DF0>, <snowplow_tracker.self_describing_json.SelfDescribingJson object at 0x000002A634AE9070>]}


============================== 19:36:51.462536 | 4d144b71-3f51-4e14-87ae-131291b777ae ==============================
[0m19:36:51.462536 [info ] [MainThread]: Running with dbt=1.7.13
[0m19:36:51.463536 [debug] [MainThread]: running dbt with arguments {'printer_width': '80', 'indirect_selection': 'eager', 'log_cache_events': 'False', 'write_json': 'True', 'partial_parse': 'True', 'cache_selected_only': 'False', 'warn_error': 'None', 'debug': 'False', 'fail_fast': 'False', 'log_path': 'C:\\Users\\dell\\Desktop\\10Academy\\City-traffic--department\\city_dbt\\logs', 'version_check': 'True', 'profiles_dir': 'C:\\Users\\dell\\.dbt', 'use_colors': 'True', 'use_experimental_parser': 'False', 'no_print': 'None', 'quiet': 'False', 'warn_error_options': 'WarnErrorOptions(include=[], exclude=[])', 'introspect': 'True', 'log_format': 'default', 'invocation_command': 'dbt debug', 'target_path': 'None', 'static_parser': 'True', 'send_anonymous_usage_stats': 'True'}
[0m19:36:51.464536 [info ] [MainThread]: dbt version: 1.7.13
[0m19:36:51.465538 [info ] [MainThread]: python version: 3.12.2
[0m19:36:51.466563 [info ] [MainThread]: python path: C:\Users\dell\Desktop\10Academy\City-traffic--department\dbt-env\Scripts\python.exe
[0m19:36:51.467536 [info ] [MainThread]: os info: Windows-11-10.0.22631-SP0
[0m19:36:51.570531 [info ] [MainThread]: Using profiles dir at C:\Users\dell\.dbt
[0m19:36:51.572490 [info ] [MainThread]: Using profiles.yml file at C:\Users\dell\.dbt\profiles.yml
[0m19:36:51.573493 [info ] [MainThread]: Using dbt_project.yml file at C:\Users\dell\Desktop\10Academy\City-traffic--department\city_dbt\dbt_project.yml
[0m19:36:51.574991 [info ] [MainThread]: adapter type: postgres
[0m19:36:51.575853 [info ] [MainThread]: adapter version: 1.7.13
[0m19:36:51.655126 [info ] [MainThread]: Configuration:
[0m19:36:51.657097 [info ] [MainThread]:   profiles.yml file [[32mOK found and valid[0m]
[0m19:36:51.658119 [info ] [MainThread]:   dbt_project.yml file [[32mOK found and valid[0m]
[0m19:36:51.658918 [info ] [MainThread]: Required dependencies:
[0m19:36:51.659574 [debug] [MainThread]: Executing "git --help"
[0m19:36:51.681803 [debug] [MainThread]: STDOUT: "b"usage: git [-v | --version] [-h | --help] [-C <path>] [-c <name>=<value>]\n           [--exec-path[=<path>]] [--html-path] [--man-path] [--info-path]\n           [-p | --paginate | -P | --no-pager] [--no-replace-objects] [--bare]\n           [--git-dir=<path>] [--work-tree=<path>] [--namespace=<name>]\n           [--config-env=<name>=<envvar>] <command> [<args>]\n\nThese are common Git commands used in various situations:\n\nstart a working area (see also: git help tutorial)\n   clone     Clone a repository into a new directory\n   init      Create an empty Git repository or reinitialize an existing one\n\nwork on the current change (see also: git help everyday)\n   add       Add file contents to the index\n   mv        Move or rename a file, a directory, or a symlink\n   restore   Restore working tree files\n   rm        Remove files from the working tree and from the index\n\nexamine the history and state (see also: git help revisions)\n   bisect    Use binary search to find the commit that introduced a bug\n   diff      Show changes between commits, commit and working tree, etc\n   grep      Print lines matching a pattern\n   log       Show commit logs\n   show      Show various types of objects\n   status    Show the working tree status\n\ngrow, mark and tweak your common history\n   branch    List, create, or delete branches\n   commit    Record changes to the repository\n   merge     Join two or more development histories together\n   rebase    Reapply commits on top of another base tip\n   reset     Reset current HEAD to the specified state\n   switch    Switch branches\n   tag       Create, list, delete or verify a tag object signed with GPG\n\ncollaborate (see also: git help workflows)\n   fetch     Download objects and refs from another repository\n   pull      Fetch from and integrate with another repository or a local branch\n   push      Update remote refs along with associated objects\n\n'git help -a' and 'git help -g' list available subcommands and some\nconcept guides. See 'git help <command>' or 'git help <concept>'\nto read about a specific subcommand or concept.\nSee 'git help git' for an overview of the system.\n""
[0m19:36:51.682813 [debug] [MainThread]: STDERR: "b''"
[0m19:36:51.683785 [info ] [MainThread]:  - git [[32mOK found[0m]

[0m19:36:51.684555 [info ] [MainThread]: Connection:
[0m19:36:51.685574 [info ] [MainThread]:   host: localhost
[0m19:36:51.686324 [info ] [MainThread]:   port: 5432
[0m19:36:51.687338 [info ] [MainThread]:   user: postgres
[0m19:36:51.688339 [info ] [MainThread]:   database: traffic_analysis
[0m19:36:51.688339 [info ] [MainThread]:   schema: public
[0m19:36:51.689890 [info ] [MainThread]:   connect_timeout: 10
[0m19:36:51.691880 [info ] [MainThread]:   role: None
[0m19:36:51.692947 [info ] [MainThread]:   search_path: None
[0m19:36:51.693945 [info ] [MainThread]:   keepalives_idle: 0
[0m19:36:51.694947 [info ] [MainThread]:   sslmode: None
[0m19:36:51.695929 [info ] [MainThread]:   sslcert: None
[0m19:36:51.695929 [info ] [MainThread]:   sslkey: None
[0m19:36:51.695929 [info ] [MainThread]:   sslrootcert: None
[0m19:36:51.695929 [info ] [MainThread]:   application_name: dbt
[0m19:36:51.701348 [info ] [MainThread]:   retries: 1
[0m19:36:51.702357 [info ] [MainThread]: Registered adapter: postgres=1.7.13
[0m19:36:51.702749 [debug] [MainThread]: Acquiring new postgres connection 'debug'
[0m19:36:51.703803 [debug] [MainThread]: Using postgres connection "debug"
[0m19:36:51.703803 [debug] [MainThread]: On debug: select 1 as id
[0m19:36:51.704792 [debug] [MainThread]: Opening a new connection, currently in state init
[0m19:36:51.745379 [debug] [MainThread]: SQL status: SELECT 1 in 0.0 seconds
[0m19:36:51.745379 [debug] [MainThread]: On debug: Close
[0m19:36:51.745379 [info ] [MainThread]:   Connection test: [[32mOK connection ok[0m]

[0m19:36:51.745379 [info ] [MainThread]: [32mAll checks passed![0m
[0m19:36:51.756569 [debug] [MainThread]: Command `dbt debug` succeeded at 19:36:51.745379 after 0.41 seconds
[0m19:36:51.756569 [debug] [MainThread]: Connection 'debug' was properly closed.
[0m19:36:51.757593 [debug] [MainThread]: Sending event: {'category': 'dbt', 'action': 'invocation', 'label': 'end', 'context': [<snowplow_tracker.self_describing_json.SelfDescribingJson object at 0x000002A634937470>, <snowplow_tracker.self_describing_json.SelfDescribingJson object at 0x000002A634B85B20>, <snowplow_tracker.self_describing_json.SelfDescribingJson object at 0x000002A6349EC830>]}
[0m19:36:51.758585 [debug] [MainThread]: Flushing usage events
[0m19:37:04.474185 [debug] [MainThread]: Error sending anonymous usage statistics. Disabling tracking for this execution. If you wish to permanently disable tracking, see: https://docs.getdbt.com/reference/global-configs#send-anonymous-usage-stats.
